Base path: /Applications/Unity/Unity.app/Contents
Cmd: initializeCompiler
Cmd: compileComputeKernel
  api=14 insize=18840 outsize=1257 ok=1
Cmd: compileComputeKernel
  api=14 insize=18840 outsize=789 ok=1
Cmd: compileComputeKernel
  api=14 insize=18840 outsize=893 ok=1
Cmd: compileComputeKernel
  api=14 insize=18840 outsize=1021 ok=1
Cmd: compileComputeKernel
  api=14 insize=18840 outsize=1125 ok=1
Cmd: compileComputeKernel
  api=14 insize=18840 outsize=721 ok=1
Cmd: compileComputeKernel
  api=15 insize=18840 outsize=1449 ok=1
Cmd: compileComputeKernel
  api=15 insize=18840 outsize=1325 ok=1
Cmd: compileComputeKernel
  api=15 insize=18840 outsize=949 ok=1
Cmd: compileComputeKernel
  api=15 insize=18840 outsize=761 ok=1
Cmd: compileComputeKernel
  api=15 insize=18840 outsize=1325 ok=1
Cmd: compileComputeKernel
  api=15 insize=18840 outsize=1033 ok=1
Cmd: compileComputeKernel
  api=15 insize=18840 outsize=1185 ok=1
Cmd: compileComputeKernel
  api=15 insize=18840 outsize=829 ok=1
Cmd: compileComputeKernel
  api=15 insize=18840 outsize=789 ok=1
Cmd: translateComputeKernel
  api=14 insize=1013 outsize=1141 ok=1
Cmd: translateComputeKernel
  api=14 insize=1233 outsize=1613 ok=1
Cmd: translateComputeKernel
  api=14 insize=1181 outsize=1533 ok=1
Cmd: translateComputeKernel
  api=14 insize=1081 outsize=1317 ok=1
Cmd: translateComputeKernel
  api=14 insize=1193 outsize=1553 ok=1
Cmd: translateComputeKernel
  api=14 insize=1441 outsize=1777 ok=1
Cmd: compileComputeKernel
  api=15 insize=18840 outsize=777 ok=1
Cmd: compileComputeKernel
  api=15 insize=18840 outsize=1325 ok=1

Quitting shader compiler process
