Base path: /Applications/Unity/Unity.app/Contents
Cmd: initializeCompiler
Cmd: compileComputeKernel
  api=14 insize=18840 outsize=993 ok=1
Cmd: compileComputeKernel
  api=14 insize=18840 outsize=1977 ok=1
Cmd: compileComputeKernel
  api=14 insize=18840 outsize=945 ok=1
Cmd: compileComputeKernel
  api=14 insize=18840 outsize=925 ok=1
Cmd: compileComputeKernel
  api=14 insize=18840 outsize=785 ok=1
Cmd: compileComputeKernel
  api=14 insize=18840 outsize=897 ok=1
Cmd: compileComputeKernel
  api=14 insize=18840 outsize=1017 ok=1
Cmd: compileComputeKernel
  api=14 insize=18840 outsize=973 ok=1
Cmd: compileComputeKernel
  api=14 insize=18840 outsize=957 ok=1
Cmd: compileComputeKernel
  api=14 insize=18840 outsize=1013 ok=1
Cmd: compileComputeKernel
  api=14 insize=18840 outsize=1205 ok=1
Cmd: compileComputeKernel
  api=14 insize=18840 outsize=1249 ok=1
Cmd: compileComputeKernel
  api=14 insize=18840 outsize=1697 ok=1
Cmd: compileComputeKernel
  api=14 insize=18840 outsize=1369 ok=1
Cmd: compileComputeKernel
  api=14 insize=18840 outsize=1081 ok=1
Cmd: compileComputeKernel
  api=14 insize=18840 outsize=789 ok=1
Cmd: compileComputeKernel
  api=14 insize=18840 outsize=981 ok=1
Cmd: compileComputeKernel
  api=14 insize=18840 outsize=1441 ok=1
Cmd: compileComputeKernel
  api=15 insize=18840 outsize=1237 ok=1
Cmd: compileComputeKernel
  api=15 insize=18840 outsize=1121 ok=1
Cmd: compileComputeKernel
  api=15 insize=18840 outsize=1981 ok=1
Cmd: compileComputeKernel
  api=15 insize=18840 outsize=1329 ok=1
Cmd: compileComputeKernel
  api=15 insize=18840 outsize=849 ok=1
Cmd: compileComputeKernel
  api=15 insize=18840 outsize=785 ok=1
Cmd: compileComputeKernel
  api=15 insize=18840 outsize=1369 ok=1
Cmd: compileComputeKernel
  api=15 insize=18840 outsize=1373 ok=1
Cmd: compileComputeKernel
  api=15 insize=18840 outsize=837 ok=1
Cmd: compileComputeKernel
  api=15 insize=18840 outsize=621 ok=1

Quitting shader compiler process
