Base path: /Applications/Unity/Unity.app/Contents
Cmd: initializeCompiler
Cmd: compileComputeKernel
  api=14 insize=18840 outsize=1133 ok=1
Cmd: compileComputeKernel
  api=15 insize=18840 outsize=1021 ok=1
Cmd: compileComputeKernel
  api=15 insize=18840 outsize=1277 ok=1
Cmd: compileComputeKernel
  api=15 insize=18840 outsize=1329 ok=1
Cmd: compileComputeKernel
  api=15 insize=18840 outsize=777 ok=1
Cmd: compileComputeKernel
  api=15 insize=18840 outsize=1305 ok=1
Cmd: compileComputeKernel
  api=15 insize=18840 outsize=801 ok=1
Cmd: compileComputeKernel
  api=15 insize=18840 outsize=1125 ok=1
Cmd: compileComputeKernel
  api=15 insize=18840 outsize=1385 ok=1
Cmd: compileComputeKernel
  api=15 insize=18840 outsize=1605 ok=1
Cmd: translateComputeKernel
  api=14 insize=1189 outsize=1549 ok=1
Cmd: translateComputeKernel
  api=14 insize=821 outsize=845 ok=1
Cmd: translateComputeKernel
  api=14 insize=789 outsize=793 ok=1
Cmd: translateComputeKernel
  api=14 insize=893 outsize=985 ok=1
Cmd: translateComputeKernel
  api=14 insize=1033 outsize=1257 ok=1
Cmd: translateComputeKernel
  api=14 insize=1125 outsize=1297 ok=1
Cmd: compileComputeKernel
  api=15 insize=18840 outsize=761 ok=1
Cmd: compileComputeKernel
  api=15 insize=18840 outsize=1329 ok=1

Quitting shader compiler process
